<?xml version="1.0" encoding="UTF-8"?>
<testng-results skipped="0" failed="0" ignored="0" total="2" passed="2">
  <reporter-output>
  </reporter-output>
  <suite name="Suite" duration-ms="35785" started-at="2020-06-19T02:41:53 IDT" finished-at="2020-06-19T02:42:29 IDT">
    <groups>
    </groups>
    <test name="Test" duration-ms="35785" started-at="2020-06-19T02:41:53 IDT" finished-at="2020-06-19T02:42:29 IDT">
      <class name="MyClass1">
        <test-method status="PASS" signature="beforeClass()[pri:0, instance:MyClass1@146ba0ac]" name="beforeClass" is-config="true" duration-ms="11" started-at="2020-06-19T02:41:53 IDT" finished-at="2020-06-19T02:41:53 IDT">
          <reporter-output>
          </reporter-output>
        </test-method> <!-- beforeClass -->
        <test-method status="PASS" signature="test01()[pri:0, instance:MyClass1@146ba0ac]" name="test01" duration-ms="10571" started-at="2020-06-19T02:41:53 IDT" finished-at="2020-06-19T02:42:04 IDT">
          <reporter-output>
          </reporter-output>
        </test-method> <!-- test01 -->
        <test-method status="PASS" signature="afterClass()[pri:0, instance:MyClass1@146ba0ac]" name="afterClass" is-config="true" duration-ms="3688" started-at="2020-06-19T02:42:04 IDT" finished-at="2020-06-19T02:42:07 IDT">
          <reporter-output>
          </reporter-output>
        </test-method> <!-- afterClass -->
      </class> <!-- MyClass1 -->
      <class name="MyClass2">
        <test-method status="PASS" signature="beforeClass()[pri:0, instance:MyClass2@4dfa3a9d]" name="beforeClass" is-config="true" duration-ms="0" started-at="2020-06-19T02:42:07 IDT" finished-at="2020-06-19T02:42:07 IDT">
          <reporter-output>
          </reporter-output>
        </test-method> <!-- beforeClass -->
        <test-method status="PASS" signature="test01()[pri:0, instance:MyClass2@4dfa3a9d]" name="test01" duration-ms="17781" started-at="2020-06-19T02:42:07 IDT" finished-at="2020-06-19T02:42:25 IDT">
          <reporter-output>
          </reporter-output>
        </test-method> <!-- test01 -->
        <test-method status="PASS" signature="afterClass()[pri:0, instance:MyClass2@4dfa3a9d]" name="afterClass" is-config="true" duration-ms="3683" started-at="2020-06-19T02:42:25 IDT" finished-at="2020-06-19T02:42:29 IDT">
          <reporter-output>
          </reporter-output>
        </test-method> <!-- afterClass -->
      </class> <!-- MyClass2 -->
    </test> <!-- Test -->
  </suite> <!-- Suite -->
</testng-results>
