<?xml version="1.0" encoding="UTF-8"?>
<testng-results skipped="0" failed="0" ignored="0" total="1" passed="1">
  <reporter-output>
  </reporter-output>
  <suite name="Default suite" duration-ms="14500" started-at="2020-06-23T01:09:46 IDT" finished-at="2020-06-23T01:10:01 IDT">
    <groups>
    </groups>
    <test name="Default test" duration-ms="14500" started-at="2020-06-23T01:09:46 IDT" finished-at="2020-06-23T01:10:01 IDT">
      <class name="MyClass1">
        <test-method status="PASS" signature="test01()[pri:0, instance:MyClass1@3dd4520b]" name="test01" duration-ms="14430" started-at="2020-06-23T01:09:46 IDT" finished-at="2020-06-23T01:10:01 IDT">
          <reporter-output>
          </reporter-output>
        </test-method> <!-- test01 -->
      </class> <!-- MyClass1 -->
    </test> <!-- Default test -->
  </suite> <!-- Default suite -->
</testng-results>
